[1] "DT_CON_fts_2011051012.RData" "DT_CON_fts_2011053012.RData"
[3] "DT_CON_fts_2011062212.RData" "DT_CON_fts_2011071700.RData"
DT_CON_fts_2011051012.RData 
DT_CON_fts_2011053012.RData 
DT_CON_fts_2011062212.RData 
DT_CON_fts_2011071700.RData 
[1] "POT_VORTIC_fts_2011051012.RData" "POT_VORTIC_fts_2011053012.RData"
[3] "POT_VORTIC_fts_2011062212.RData" "POT_VORTIC_fts_2011071700.RData"
POT_VORTIC_fts_2011051012.RData 
POT_VORTIC_fts_2011053012.RData 
POT_VORTIC_fts_2011062212.RData 
POT_VORTIC_fts_2011071700.RData 
[1] "QV_fts_2011053012.RData" "QV_fts_2011062212.RData"
[3] "QV_fts_2011071700.RData"
QV_fts_2011053012.RData 
QV_fts_2011062212.RData 
QV_fts_2011071700.RData 
[1] "T_ENTR_fts_2011051012.RData" "T_ENTR_fts_2011053012.RData"
[3] "T_ENTR_fts_2011062212.RData" "T_ENTR_fts_2011071700.RData"
T_ENTR_fts_2011051012.RData 
T_ENTR_fts_2011053012.RData 
T_ENTR_fts_2011062212.RData 
T_ENTR_fts_2011071700.RData 
[1] "THHR_RAD_fts_2011051012.RData" "THHR_RAD_fts_2011053012.RData"
[3] "THHR_RAD_fts_2011062212.RData" "THHR_RAD_fts_2011071700.RData"
THHR_RAD_fts_2011051012.RData 
THHR_RAD_fts_2011053012.RData 
THHR_RAD_fts_2011062212.RData 
THHR_RAD_fts_2011071700.RData 
[1] "TINC_LH_fts_2011051012.RData" "TINC_LH_fts_2011053012.RData"
[3] "TINC_LH_fts_2011062212.RData" "TINC_LH_fts_2011071700.RData"
TINC_LH_fts_2011051012.RData 
TINC_LH_fts_2011053012.RData 
TINC_LH_fts_2011062212.RData 
TINC_LH_fts_2011071700.RData 
[1] "T_fts_2011053012.RData" "T_fts_2011062212.RData" "T_fts_2011071700.RData"
T_fts_2011053012.RData 
T_fts_2011062212.RData 
T_fts_2011071700.RData 
[1] "U_fts_2011053012.RData" "U_fts_2011062212.RData" "U_fts_2011071700.RData"
U_fts_2011053012.RData 
U_fts_2011062212.RData 
U_fts_2011071700.RData 
[1] "QV_fts_2011053012.RData" "QV_fts_2011062212.RData"
[3] "QV_fts_2011071700.RData" "V_fts_2011053012.RData" 
[5] "V_fts_2011062212.RData"  "V_fts_2011071700.RData" 
QV_fts_2011053012.RData 
QV_fts_2011062212.RData 
QV_fts_2011071700.RData 
V_fts_2011053012.RData 
V_fts_2011062212.RData 
V_fts_2011071700.RData 
[1] "W_fts_2011053012.RData" "W_fts_2011062212.RData" "W_fts_2011071700.RData"
W_fts_2011053012.RData 
W_fts_2011062212.RData 
W_fts_2011071700.RData 
[1] "DT_CON_ats_2011051012.RData" "DT_CON_ats_2011053012.RData"
[3] "DT_CON_ats_2011062212.RData" "DT_CON_ats_2011071700.RData"
DT_CON_ats_2011051012.RData 
DT_CON_ats_2011053012.RData 
DT_CON_ats_2011062212.RData 
DT_CON_ats_2011071700.RData 
[1] "POT_VORTIC_ats_2011051012.RData" "POT_VORTIC_ats_2011053012.RData"
[3] "POT_VORTIC_ats_2011062212.RData" "POT_VORTIC_ats_2011071700.RData"
POT_VORTIC_ats_2011051012.RData 
POT_VORTIC_ats_2011053012.RData 
POT_VORTIC_ats_2011062212.RData 
POT_VORTIC_ats_2011071700.RData 
[1] "QV_ats_2011053012.RData" "QV_ats_2011062212.RData"
[3] "QV_ats_2011071700.RData"
QV_ats_2011053012.RData 
QV_ats_2011062212.RData 
QV_ats_2011071700.RData 
[1] "T_ENTR_ats_2011051012.RData" "T_ENTR_ats_2011053012.RData"
[3] "T_ENTR_ats_2011062212.RData" "T_ENTR_ats_2011071700.RData"
T_ENTR_ats_2011051012.RData 
T_ENTR_ats_2011053012.RData 
T_ENTR_ats_2011062212.RData 
T_ENTR_ats_2011071700.RData 
[1] "THHR_RAD_ats_2011051012.RData" "THHR_RAD_ats_2011053012.RData"
[3] "THHR_RAD_ats_2011062212.RData" "THHR_RAD_ats_2011071700.RData"
THHR_RAD_ats_2011051012.RData 
THHR_RAD_ats_2011053012.RData 
THHR_RAD_ats_2011062212.RData 
THHR_RAD_ats_2011071700.RData 
[1] "TINC_LH_ats_2011051012.RData" "TINC_LH_ats_2011053012.RData"
[3] "TINC_LH_ats_2011062212.RData" "TINC_LH_ats_2011071700.RData"
TINC_LH_ats_2011051012.RData 
TINC_LH_ats_2011053012.RData 
TINC_LH_ats_2011062212.RData 
TINC_LH_ats_2011071700.RData 
[1] "T_ats_2011053012.RData" "T_ats_2011062212.RData" "T_ats_2011071700.RData"
T_ats_2011053012.RData 
T_ats_2011062212.RData 
T_ats_2011071700.RData 
[1] "U_ats_2011053012.RData" "U_ats_2011062212.RData" "U_ats_2011071700.RData"
U_ats_2011053012.RData 
U_ats_2011062212.RData 
U_ats_2011071700.RData 
[1] "QV_ats_2011053012.RData" "QV_ats_2011062212.RData"
[3] "QV_ats_2011071700.RData" "V_ats_2011053012.RData" 
[5] "V_ats_2011062212.RData"  "V_ats_2011071700.RData" 
QV_ats_2011053012.RData 
QV_ats_2011062212.RData 
QV_ats_2011071700.RData 
V_ats_2011053012.RData 
V_ats_2011062212.RData 
V_ats_2011071700.RData 
[1] "W_ats_2011053012.RData" "W_ats_2011062212.RData" "W_ats_2011071700.RData"
W_ats_2011053012.RData 
W_ats_2011062212.RData 
W_ats_2011071700.RData 
